<?xml version="1.0" encoding="UTF-8"?>
<!-- Generated by org.testng.reporters.JUnitReportReporter -->
<testsuite skipped="0" hostname="DESKTOP-5MSOQAN" name="com.test.WordTest" tests="1" failures="0" timestamp="2021-03-22T12:50:44 EDT" time="0.137" errors="0">
  <testcase name="validateWordsSet" time="0.137" classname="com.test.WordTest"/>
  <system-out/>
</testsuite> <!-- com.test.WordTest -->
