<?xml version="1.0" encoding="UTF-8"?>
<!-- Generated by org.testng.reporters.JUnitReportReporter -->
<testsuite skipped="0" hostname="DESKTOP-5MSOQAN" name="com.test.WordTest" tests="1" failures="0" timestamp="2021-03-16T08:28:49 EDT" time="0.019" errors="0">
  <testcase name="validateStringSetAreWords" time="0.019" classname="com.test.WordTest"/>
  <system-out/>
</testsuite> <!-- com.test.WordTest -->
